<?xml version="1.0" encoding="UTF-8"?>
<!-- Generated by org.testng.reporters.JUnitReportReporter -->
<testsuite name="Testcase.SearchListTestcase" tests="1" time="0.001" ignored="4" failures="0" timestamp="12 Feb 2022 05:20:52 GMT" skipped="0" hostname="DESKTOP-VTBT3RG" errors="0">
  <testcase name="validsearchList" time="0.001" classname="Testcase.SearchListTestcase"/>
  <testcase name="launch" classname="Background.Browserdriver">
    <skipped/>
  </testcase> <!-- launch -->
  <testcase name="launchurl" classname="Background.Browserdriver">
    <skipped/>
  </testcase> <!-- launchurl -->
  <testcase name="teardonw" classname="Background.Browserdriver">
    <skipped/>
  </testcase> <!-- teardonw -->
  <testcase name="tear" classname="Background.Browserdriver">
    <skipped/>
  </testcase> <!-- tear -->
</testsuite> <!-- Testcase.SearchListTestcase -->
