<?xml version="1.0" encoding="UTF-8"?>
<!-- Generated by org.testng.reporters.JUnitReportReporter -->
<testsuite skipped="0" hostname="DESKTOP-VTBT3RG" name="Testcase.FlightsearchTestcase" tests="12" failures="0" timestamp="2022-02-13T11:35:11 IST" time="324.213" errors="0">
  <testcase name="validsearch" time="78.018" classname="Testcase.FlightsearchTestcase"/>
  <system-out/>
  <testcase name="validsearch" time="19.646" classname="Testcase.FlightsearchTestcase"/>
  <system-out/>
  <testcase name="validsearch" time="16.906" classname="Testcase.FlightsearchTestcase"/>
  <system-out/>
  <testcase name="validsearch" time="19.064" classname="Testcase.FlightsearchTestcase"/>
  <system-out/>
  <testcase name="validsearch" time="17.967" classname="Testcase.FlightsearchTestcase"/>
  <system-out/>
  <testcase name="validsearch" time="77.744" classname="Testcase.FlightsearchTestcase"/>
  <system-out/>
  <testcase name="invalidsearch" time="16.628" classname="Testcase.FlightsearchTestcase"/>
  <system-out/>
  <testcase name="invalidsearch" time="16.709" classname="Testcase.FlightsearchTestcase"/>
  <system-out/>
  <testcase name="invalidsearch" time="17.002" classname="Testcase.FlightsearchTestcase"/>
  <system-out/>
  <testcase name="invalidsearch" time="13.658" classname="Testcase.FlightsearchTestcase"/>
  <system-out/>
  <testcase name="invalidsearch" time="13.718" classname="Testcase.FlightsearchTestcase"/>
  <system-out/>
  <testcase name="invalidsearch" time="17.153" classname="Testcase.FlightsearchTestcase"/>
  <system-out/>
</testsuite> <!-- Testcase.FlightsearchTestcase -->
