<?xml version="1.0" encoding="UTF-8"?>
<!-- Generated by org.testng.reporters.JUnitReportReporter -->
<testsuite skipped="0" hostname="DESKTOP-VTBT3RG" name="Testcase.SearchListTestcase" tests="2" failures="0" timestamp="2022-02-13T11:35:11 IST" time="0.001" errors="0">
  <testcase name="validsearchList" time="0.000" classname="Testcase.SearchListTestcase"/>
  <system-out/>
  <testcase name="validsearchList" time="0.001" classname="Testcase.SearchListTestcase"/>
  <system-out/>
</testsuite> <!-- Testcase.SearchListTestcase -->
